<?xml version="1.0" encoding="utf-8"?><testsuites name="pytest tests"><testsuite name="pytest" errors="0" failures="0" skipped="0" tests="10" time="40.957" timestamp="2026-05-11T07:29:18.983741+00:00" hostname="agent-env-864c87d5-e380-41ab-84e6-be70976a5b28"><testcase classname="backend.tests.test_phase3_features.TestVoices" name="test_voices_returns_8_with_id_and_name" time="0.285" /><testcase classname="backend.tests.test_phase3_features.TestVoices" name="test_tts_with_custom_voice_id" time="0.860" /><testcase classname="backend.tests.test_phase3_features.TestSystemGPU" name="test_system_only_two_gpus" time="0.063" /><testcase classname="backend.tests.test_phase3_features.TestImageGen" name="test_generate_image_openai" time="13.418" /><testcase classname="backend.tests.test_phase3_features.TestImageGen" name="test_generate_image_gemini" time="22.526" /><testcase classname="backend.tests.test_phase3_features.TestOfflineQueue" name="test_add_to_queue" time="0.185" /><testcase classname="backend.tests.test_phase3_features.TestOfflineQueue" name="test_add_to_queue_invalid_agent" time="0.098" /><testcase classname="backend.tests.test_phase3_features.TestOfflineQueue" name="test_list_queue" time="0.062" /><testcase classname="backend.tests.test_phase3_features.TestOfflineQueue" name="test_delete_from_queue" time="0.185" /><testcase classname="backend.tests.test_phase3_features.TestOfflineQueue" name="test_flush_queue_executes_and_clears" time="3.192" /></testsuite></testsuites>