<?xml version="1.0" encoding="utf-8"?><testsuites name="pytest tests"><testsuite name="pytest" errors="0" failures="1" skipped="0" tests="18" time="72.924" timestamp="2026-05-11T07:55:39.194446+00:00" hostname="agent-env-864c87d5-e380-41ab-84e6-be70976a5b28"><testcase classname="backend.tests.test_phase4_features.TestRouterSplitEndpoints" name="test_agents_get" time="0.260" /><testcase classname="backend.tests.test_phase4_features.TestRouterSplitEndpoints" name="test_dispatches_get" time="0.067" /><testcase classname="backend.tests.test_phase4_features.TestRouterSplitEndpoints" name="test_plugins_get" time="0.067" /><testcase classname="backend.tests.test_phase4_features.TestRouterSplitEndpoints" name="test_system_get" time="0.068" /><testcase classname="backend.tests.test_phase4_features.TestRouterSplitEndpoints" name="test_chains_get" time="0.067" /><testcase classname="backend.tests.test_phase4_features.TestRouterSplitEndpoints" name="test_forge_get" time="0.371" /><testcase classname="backend.tests.test_phase4_features.TestRouterSplitEndpoints" name="test_mempalace_get" time="0.070" /><testcase classname="backend.tests.test_phase4_features.TestRouterSplitEndpoints" name="test_queue_get" time="0.065" /><testcase classname="backend.tests.test_phase4_features.TestRouterSplitEndpoints" name="test_operations_get" time="0.068" /><testcase classname="backend.tests.test_phase4_features.TestChainTemplates" name="test_get_templates_returns_five_seeded" time="0.068" /><testcase classname="backend.tests.test_phase4_features.TestChainTemplates" name="test_use_template_clones_as_chain" time="0.280" /><testcase classname="backend.tests.test_phase4_features.TestChainTemplates" name="test_use_nonexistent_template_returns_404" time="0.068" /><testcase classname="backend.tests.test_phase4_features.TestChainTemplates" name="test_usage_count_increments" time="0.269" /><testcase classname="backend.tests.test_phase4_features.TestObjectStorageAndForge" name="test_files_endpoint_404_for_missing" time="0.444" /><testcase classname="backend.tests.test_phase4_features.TestObjectStorageAndForge" name="test_forge_generate_uses_storage_url" time="60.065"><failure message="AssertionError: Generate failed: The preview environment is not responding. It may be starting up.&#10;  &#10;assert 502 == 200&#10; +  where 502 = &lt;Response [502]&gt;.status_code">backend/tests/test_phase4_features.py:155: in test_forge_generate_uses_storage_url
    assert r.status_code == 200, f"Generate failed: {r.text[:300]}"
E   AssertionError: Generate failed: The preview environment is not responding. It may be starting up.
E     
E   assert 502 == 200
E    +  where 502 = &lt;Response [502]&gt;.status_code</failure></testcase><testcase classname="backend.tests.test_phase4_features.TestObjectStorageAndForge" name="test_existing_forge_items_serve_via_proxy_if_storage_path" time="10.065" /><testcase classname="backend.tests.test_phase4_features.TestKeyEndpointSmoke" name="test_voice_voices_endpoint" time="0.171" /><testcase classname="backend.tests.test_phase4_features.TestKeyEndpointSmoke" name="test_queue_crud" time="0.272" /></testsuite></testsuites>