<?xml version="1.0" encoding="utf-8"?><testsuites name="pytest tests"><testsuite name="pytest" errors="0" failures="0" skipped="0" tests="15" time="11.148" timestamp="2026-05-11T07:13:19.434241+00:00" hostname="agent-env-864c87d5-e380-41ab-84e6-be70976a5b28"><testcase classname="backend.tests.test_new_features.TestStreamingDispatch" name="test_stream_dispatch_events" time="1.310" /><testcase classname="backend.tests.test_new_features.TestStreamingDispatch" name="test_stream_invalid_agent" time="0.070" /><testcase classname="backend.tests.test_new_features.TestVoice" name="test_voices_list" time="0.160" /><testcase classname="backend.tests.test_new_features.TestVoice" name="test_tts_speak" time="0.920" /><testcase classname="backend.tests.test_new_features.TestVoice" name="test_stt_transcribe_with_generated_audio" time="5.818" /><testcase classname="backend.tests.test_new_features.TestChains" name="test_create_chain" time="0.076" /><testcase classname="backend.tests.test_new_features.TestChains" name="test_list_chains" time="0.067" /><testcase classname="backend.tests.test_new_features.TestChains" name="test_execute_chain" time="1.872" /><testcase classname="backend.tests.test_new_features.TestChains" name="test_delete_chain" time="0.137" /><testcase classname="backend.tests.test_new_features.TestPlugins" name="test_builtin_plugins_seeded" time="0.068" /><testcase classname="backend.tests.test_new_features.TestPlugins" name="test_execute_builtin_word_counter" time="0.149" /><testcase classname="backend.tests.test_new_features.TestPlugins" name="test_create_custom_plugin" time="0.066" /><testcase classname="backend.tests.test_new_features.TestPlugins" name="test_execute_custom_plugin" time="0.079" /><testcase classname="backend.tests.test_new_features.TestPlugins" name="test_cannot_delete_builtin" time="0.134" /><testcase classname="backend.tests.test_new_features.TestPlugins" name="test_delete_custom_plugin" time="0.135" /></testsuite></testsuites>