<?xml version="1.0" encoding="utf-8"?><testsuites name="pytest tests"><testsuite name="pytest" errors="0" failures="0" skipped="0" tests="15" time="2.030" timestamp="2026-05-11T04:43:43.842844+00:00" hostname="agent-env-864c87d5-e380-41ab-84e6-be70976a5b28"><testcase classname="backend.tests.backend_test.TestAgents" name="test_get_agents_seeded" time="0.121" /><testcase classname="backend.tests.backend_test.TestAgents" name="test_update_agent_model" time="0.136" /><testcase classname="backend.tests.backend_test.TestSystemModels" name="test_system_info" time="0.046" /><testcase classname="backend.tests.backend_test.TestSystemModels" name="test_models" time="0.048" /><testcase classname="backend.tests.backend_test.TestMemPalace" name="test_create_note" time="0.069" /><testcase classname="backend.tests.backend_test.TestMemPalace" name="test_list_notes_includes_created" time="0.045" /><testcase classname="backend.tests.backend_test.TestMemPalace" name="test_search_mempalace" time="0.044" /><testcase classname="backend.tests.backend_test.TestMemPalace" name="test_delete_note" time="0.089" /><testcase classname="backend.tests.backend_test.TestForge" name="test_create_forge_item" time="0.064" /><testcase classname="backend.tests.backend_test.TestForge" name="test_list_forge_items" time="0.044" /><testcase classname="backend.tests.backend_test.TestForge" name="test_delete_forge" time="0.061" /><testcase classname="backend.tests.backend_test.TestOperations" name="test_operations_log" time="0.048" /><testcase classname="backend.tests.backend_test.TestDispatch" name="test_dispatch_to_hermes" time="1.048" /><testcase classname="backend.tests.backend_test.TestDispatch" name="test_dispatch_invalid_agent" time="0.048" /><testcase classname="backend.tests.backend_test.TestDispatch" name="test_list_dispatches" time="0.049" /></testsuite></testsuites>